0 info it worked if it ends with ok
1 verbose cli [ '/Users/jason/.nodenv/versions/0.10.35/bin/node',
1 verbose cli   '/Users/jason/.nodenv/versions/0.10.35/bin/npm',
1 verbose cli   'run',
1 verbose cli   'start' ]
2 info using npm@1.4.28
3 info using node@v0.10.35
4 verbose node symlink /Users/jason/.nodenv/versions/0.10.35/bin/node
5 verbose run-script [ 'prestart', 'start', 'poststart' ]
6 info prestart unimelb-design-system-assets@2.0.0
7 info start unimelb-design-system-assets@2.0.0
8 verbose unsafe-perm in lifecycle true
9 info unimelb-design-system-assets@2.0.0 Failed to exec start script
10 error unimelb-design-system-assets@2.0.0 start: `DEVELOPMENT=true node ./assets/server.js`
10 error Exit status 8
11 error Failed at the unimelb-design-system-assets@2.0.0 start script.
11 error This is most likely a problem with the unimelb-design-system-assets package,
11 error not with npm itself.
11 error Tell the author that this fails on your system:
11 error     DEVELOPMENT=true node ./assets/server.js
11 error You can get their info via:
11 error     npm owner ls unimelb-design-system-assets
11 error There is likely additional logging output above.
12 error System Darwin 14.3.0
13 error command "/Users/jason/.nodenv/versions/0.10.35/bin/node" "/Users/jason/.nodenv/versions/0.10.35/bin/npm" "run" "start"
14 error cwd /Users/jason/git/unimelb-design-system
15 error node -v v0.10.35
16 error npm -v 1.4.28
17 error code ELIFECYCLE
18 verbose exit [ 1, true ]
