# Logfile created on 2014-02-17 11:28:03 +1100 by logger.rb/44203
I, [2014-02-17T11:28:03.860944 #12282]  INFO -- : 0:  rack (1.5.2) from /usr/local/opt/rbenv/versions/2.1.0/lib/ruby/gems/2.1.0/specifications/rack-1.5.2.gemspec
I, [2014-02-17T11:28:03.861377 #12282]  INFO -- : 0:  rack-protection (1.5.1) from /usr/local/opt/rbenv/versions/2.1.0/lib/ruby/gems/2.1.0/specifications/rack-protection-1.5.1.gemspec
I, [2014-02-17T11:28:03.861732 #12282]  INFO -- : 0:  tilt (1.4.1) from /usr/local/opt/rbenv/versions/2.1.0/lib/ruby/gems/2.1.0/specifications/tilt-1.4.1.gemspec
I, [2014-02-17T11:28:03.862062 #12282]  INFO -- : 0:  sinatra (1.4.4) from /usr/local/opt/rbenv/versions/2.1.0/lib/ruby/gems/2.1.0/specifications/sinatra-1.4.4.gemspec
I, [2014-02-17T11:28:03.862341 #12282]  INFO -- : 0:  bundler (1.5.1) from /usr/local/opt/rbenv/versions/2.1.0/lib/ruby/gems/2.1.0/specifications/bundler-1.5.1.gemspec
I, [2014-02-17T11:29:06.723309 #12324]  INFO -- : 0:  rack (1.5.2) from /usr/local/opt/rbenv/versions/2.1.0/lib/ruby/gems/2.1.0/specifications/rack-1.5.2.gemspec
I, [2014-02-17T11:29:06.723707 #12324]  INFO -- : 0:  rack-protection (1.5.1) from /usr/local/opt/rbenv/versions/2.1.0/lib/ruby/gems/2.1.0/specifications/rack-protection-1.5.1.gemspec
I, [2014-02-17T11:29:06.723980 #12324]  INFO -- : 0:  tilt (1.4.1) from /usr/local/opt/rbenv/versions/2.1.0/lib/ruby/gems/2.1.0/specifications/tilt-1.4.1.gemspec
I, [2014-02-17T11:29:06.724236 #12324]  INFO -- : 0:  sinatra (1.4.4) from /usr/local/opt/rbenv/versions/2.1.0/lib/ruby/gems/2.1.0/specifications/sinatra-1.4.4.gemspec
I, [2014-02-17T11:29:06.724502 #12324]  INFO -- : 0:  temple (0.6.7) from /usr/local/opt/rbenv/versions/2.1.0/lib/ruby/gems/2.1.0/specifications/temple-0.6.7.gemspec
I, [2014-02-17T11:29:06.724764 #12324]  INFO -- : 0:  slim (2.0.2) from /usr/local/opt/rbenv/versions/2.1.0/lib/ruby/gems/2.1.0/specifications/slim-2.0.2.gemspec
I, [2014-02-17T11:29:06.724994 #12324]  INFO -- : 0:  bundler (1.5.1) from /usr/local/opt/rbenv/versions/2.1.0/lib/ruby/gems/2.1.0/specifications/bundler-1.5.1.gemspec
I, [2014-02-17T12:29:41.635980 #13731]  INFO -- : 0:  coffee-script-source (1.7.0) from /usr/local/opt/rbenv/versions/2.1.0/lib/ruby/gems/2.1.0/specifications/coffee-script-source-1.7.0.gemspec
I, [2014-02-17T12:29:41.636404 #13731]  INFO -- : 0:  execjs (2.0.2) from /usr/local/opt/rbenv/versions/2.1.0/lib/ruby/gems/2.1.0/specifications/execjs-2.0.2.gemspec
I, [2014-02-17T12:29:41.636693 #13731]  INFO -- : 0:  coffee-script (2.2.0) from /usr/local/opt/rbenv/versions/2.1.0/lib/ruby/gems/2.1.0/specifications/coffee-script-2.2.0.gemspec
I, [2014-02-17T12:29:41.636955 #13731]  INFO -- : 0:  hike (1.2.3) from /usr/local/opt/rbenv/versions/2.1.0/lib/ruby/gems/2.1.0/specifications/hike-1.2.3.gemspec
I, [2014-02-17T12:29:41.637223 #13731]  INFO -- : 0:  multi_json (1.8.4) from /usr/local/opt/rbenv/versions/2.1.0/lib/ruby/gems/2.1.0/specifications/multi_json-1.8.4.gemspec
I, [2014-02-17T12:29:41.637507 #13731]  INFO -- : 0:  rack (1.5.2) from /usr/local/opt/rbenv/versions/2.1.0/lib/ruby/gems/2.1.0/specifications/rack-1.5.2.gemspec
I, [2014-02-17T12:29:41.637766 #13731]  INFO -- : 0:  rack-protection (1.5.1) from /usr/local/opt/rbenv/versions/2.1.0/lib/ruby/gems/2.1.0/specifications/rack-protection-1.5.1.gemspec
I, [2014-02-17T12:29:41.638043 #13731]  INFO -- : 0:  sass (3.2.14) from /usr/local/opt/rbenv/versions/2.1.0/lib/ruby/gems/2.1.0/specifications/sass-3.2.14.gemspec
I, [2014-02-17T12:29:41.638303 #13731]  INFO -- : 0:  tilt (1.4.1) from /usr/local/opt/rbenv/versions/2.1.0/lib/ruby/gems/2.1.0/specifications/tilt-1.4.1.gemspec
I, [2014-02-17T12:29:41.638569 #13731]  INFO -- : 0:  sinatra (1.4.4) from /usr/local/opt/rbenv/versions/2.1.0/lib/ruby/gems/2.1.0/specifications/sinatra-1.4.4.gemspec
I, [2014-02-17T12:29:41.638834 #13731]  INFO -- : 0:  temple (0.6.7) from /usr/local/opt/rbenv/versions/2.1.0/lib/ruby/gems/2.1.0/specifications/temple-0.6.7.gemspec
I, [2014-02-17T12:29:41.639101 #13731]  INFO -- : 0:  slim (2.0.2) from /usr/local/opt/rbenv/versions/2.1.0/lib/ruby/gems/2.1.0/specifications/slim-2.0.2.gemspec
I, [2014-02-17T12:29:41.639373 #13731]  INFO -- : 0:  sprockets (2.10.1) from /usr/local/opt/rbenv/versions/2.1.0/lib/ruby/gems/2.1.0/specifications/sprockets-2.10.1.gemspec
I, [2014-02-17T12:29:41.639596 #13731]  INFO -- : 0:  bundler (1.5.1) from /usr/local/opt/rbenv/versions/2.1.0/lib/ruby/gems/2.1.0/specifications/bundler-1.5.1.gemspec
I, [2014-02-17T12:42:31.044985 #14010]  INFO -- : 0:  rake (10.1.1) from /usr/local/opt/rbenv/versions/2.1.0/lib/ruby/gems/2.1.0/specifications/rake-10.1.1.gemspec
I, [2014-02-17T12:42:31.045353 #14010]  INFO -- : 0:  coffee-script-source (1.7.0) from /usr/local/opt/rbenv/versions/2.1.0/lib/ruby/gems/2.1.0/specifications/coffee-script-source-1.7.0.gemspec
I, [2014-02-17T12:42:31.045628 #14010]  INFO -- : 0:  execjs (2.0.2) from /usr/local/opt/rbenv/versions/2.1.0/lib/ruby/gems/2.1.0/specifications/execjs-2.0.2.gemspec
I, [2014-02-17T12:42:31.045884 #14010]  INFO -- : 0:  coffee-script (2.2.0) from /usr/local/opt/rbenv/versions/2.1.0/lib/ruby/gems/2.1.0/specifications/coffee-script-2.2.0.gemspec
I, [2014-02-17T12:42:31.046163 #14010]  INFO -- : 0:  hike (1.2.3) from /usr/local/opt/rbenv/versions/2.1.0/lib/ruby/gems/2.1.0/specifications/hike-1.2.3.gemspec
I, [2014-02-17T12:42:31.046410 #14010]  INFO -- : 0:  multi_json (1.8.4) from /usr/local/opt/rbenv/versions/2.1.0/lib/ruby/gems/2.1.0/specifications/multi_json-1.8.4.gemspec
I, [2014-02-17T12:42:31.046662 #14010]  INFO -- : 0:  rack (1.5.2) from /usr/local/opt/rbenv/versions/2.1.0/lib/ruby/gems/2.1.0/specifications/rack-1.5.2.gemspec
I, [2014-02-17T12:42:31.046905 #14010]  INFO -- : 0:  rack-protection (1.5.1) from /usr/local/opt/rbenv/versions/2.1.0/lib/ruby/gems/2.1.0/specifications/rack-protection-1.5.1.gemspec
I, [2014-02-17T12:42:31.047165 #14010]  INFO -- : 0:  sass (3.2.14) from /usr/local/opt/rbenv/versions/2.1.0/lib/ruby/gems/2.1.0/specifications/sass-3.2.14.gemspec
I, [2014-02-17T12:42:31.047411 #14010]  INFO -- : 0:  tilt (1.4.1) from /usr/local/opt/rbenv/versions/2.1.0/lib/ruby/gems/2.1.0/specifications/tilt-1.4.1.gemspec
I, [2014-02-17T12:42:31.047655 #14010]  INFO -- : 0:  sinatra (1.4.4) from /usr/local/opt/rbenv/versions/2.1.0/lib/ruby/gems/2.1.0/specifications/sinatra-1.4.4.gemspec
I, [2014-02-17T12:42:31.047906 #14010]  INFO -- : 0:  sprockets (2.10.1) from /usr/local/opt/rbenv/versions/2.1.0/lib/ruby/gems/2.1.0/specifications/sprockets-2.10.1.gemspec
I, [2014-02-17T12:42:31.752556 #14010]  INFO -- : 0:  sprockets-helpers (1.1.0) from /usr/local/opt/rbenv/versions/2.1.0/lib/ruby/gems/2.1.0/specifications/sprockets-helpers-1.1.0.gemspec
I, [2014-02-17T12:42:31.753010 #14010]  INFO -- : 0:  sprockets-sass (1.0.2) from /usr/local/opt/rbenv/versions/2.1.0/lib/ruby/gems/2.1.0/specifications/sprockets-sass-1.0.2.gemspec
I, [2014-02-17T12:42:32.662337 #14010]  INFO -- : 0:  sinatra-asset-pipeline (0.3.3) from /usr/local/opt/rbenv/versions/2.1.0/lib/ruby/gems/2.1.0/specifications/sinatra-asset-pipeline-0.3.3.gemspec
I, [2014-02-17T12:42:32.662700 #14010]  INFO -- : 0:  temple (0.6.7) from /usr/local/opt/rbenv/versions/2.1.0/lib/ruby/gems/2.1.0/specifications/temple-0.6.7.gemspec
I, [2014-02-17T12:42:32.662963 #14010]  INFO -- : 0:  slim (2.0.2) from /usr/local/opt/rbenv/versions/2.1.0/lib/ruby/gems/2.1.0/specifications/slim-2.0.2.gemspec
I, [2014-02-17T12:42:32.663185 #14010]  INFO -- : 0:  bundler (1.5.1) from /usr/local/opt/rbenv/versions/2.1.0/lib/ruby/gems/2.1.0/specifications/bundler-1.5.1.gemspec
I, [2014-02-17T14:12:14.715354 #16227]  INFO -- : 0:  rake (10.1.1) from /usr/local/opt/rbenv/versions/2.1.0/lib/ruby/gems/2.1.0/specifications/rake-10.1.1.gemspec
I, [2014-02-17T14:12:14.715744 #16227]  INFO -- : 0:  coffee-script-source (1.7.0) from /usr/local/opt/rbenv/versions/2.1.0/lib/ruby/gems/2.1.0/specifications/coffee-script-source-1.7.0.gemspec
I, [2014-02-17T14:12:14.716047 #16227]  INFO -- : 0:  execjs (2.0.2) from /usr/local/opt/rbenv/versions/2.1.0/lib/ruby/gems/2.1.0/specifications/execjs-2.0.2.gemspec
I, [2014-02-17T14:12:14.716323 #16227]  INFO -- : 0:  coffee-script (2.2.0) from /usr/local/opt/rbenv/versions/2.1.0/lib/ruby/gems/2.1.0/specifications/coffee-script-2.2.0.gemspec
I, [2014-02-17T14:12:14.716604 #16227]  INFO -- : 0:  hike (1.2.3) from /usr/local/opt/rbenv/versions/2.1.0/lib/ruby/gems/2.1.0/specifications/hike-1.2.3.gemspec
I, [2014-02-17T14:12:14.716881 #16227]  INFO -- : 0:  multi_json (1.8.4) from /usr/local/opt/rbenv/versions/2.1.0/lib/ruby/gems/2.1.0/specifications/multi_json-1.8.4.gemspec
I, [2014-02-17T14:12:14.717125 #16227]  INFO -- : 0:  rack (1.5.2) from /usr/local/opt/rbenv/versions/2.1.0/lib/ruby/gems/2.1.0/specifications/rack-1.5.2.gemspec
I, [2014-02-17T14:12:14.717377 #16227]  INFO -- : 0:  rack-protection (1.5.1) from /usr/local/opt/rbenv/versions/2.1.0/lib/ruby/gems/2.1.0/specifications/rack-protection-1.5.1.gemspec
I, [2014-02-17T14:12:14.717639 #16227]  INFO -- : 0:  sass (3.2.14) from /usr/local/opt/rbenv/versions/2.1.0/lib/ruby/gems/2.1.0/specifications/sass-3.2.14.gemspec
I, [2014-02-17T14:12:14.717890 #16227]  INFO -- : 0:  tilt (1.4.1) from /usr/local/opt/rbenv/versions/2.1.0/lib/ruby/gems/2.1.0/specifications/tilt-1.4.1.gemspec
I, [2014-02-17T14:12:14.718151 #16227]  INFO -- : 0:  sinatra (1.4.4) from /usr/local/opt/rbenv/versions/2.1.0/lib/ruby/gems/2.1.0/specifications/sinatra-1.4.4.gemspec
I, [2014-02-17T14:12:14.718399 #16227]  INFO -- : 0:  sprockets (2.10.1) from /usr/local/opt/rbenv/versions/2.1.0/lib/ruby/gems/2.1.0/specifications/sprockets-2.10.1.gemspec
I, [2014-02-17T14:12:14.718650 #16227]  INFO -- : 0:  sprockets-helpers (1.1.0) from /usr/local/opt/rbenv/versions/2.1.0/lib/ruby/gems/2.1.0/specifications/sprockets-helpers-1.1.0.gemspec
I, [2014-02-17T14:12:14.718904 #16227]  INFO -- : 0:  sprockets-sass (1.0.2) from /usr/local/opt/rbenv/versions/2.1.0/lib/ruby/gems/2.1.0/specifications/sprockets-sass-1.0.2.gemspec
I, [2014-02-17T14:12:14.719162 #16227]  INFO -- : 0:  sinatra-asset-pipeline (0.3.3) from /usr/local/opt/rbenv/versions/2.1.0/lib/ruby/gems/2.1.0/specifications/sinatra-asset-pipeline-0.3.3.gemspec
I, [2014-02-17T14:12:14.719404 #16227]  INFO -- : 0:  temple (0.6.7) from /usr/local/opt/rbenv/versions/2.1.0/lib/ruby/gems/2.1.0/specifications/temple-0.6.7.gemspec
I, [2014-02-17T14:12:14.719657 #16227]  INFO -- : 0:  slim (2.0.2) from /usr/local/opt/rbenv/versions/2.1.0/lib/ruby/gems/2.1.0/specifications/slim-2.0.2.gemspec
I, [2014-02-17T14:12:14.719862 #16227]  INFO -- : 0:  bundler (1.5.1) from /usr/local/opt/rbenv/versions/2.1.0/lib/ruby/gems/2.1.0/specifications/bundler-1.5.1.gemspec
I, [2014-02-17T14:20:04.028534 #16542]  INFO -- : 0:  coffee-script-source (1.7.0) from /usr/local/opt/rbenv/versions/2.1.0/lib/ruby/gems/2.1.0/specifications/coffee-script-source-1.7.0.gemspec
I, [2014-02-17T14:20:04.028905 #16542]  INFO -- : 0:  execjs (2.0.2) from /usr/local/opt/rbenv/versions/2.1.0/lib/ruby/gems/2.1.0/specifications/execjs-2.0.2.gemspec
I, [2014-02-17T14:20:04.029181 #16542]  INFO -- : 0:  coffee-script (2.2.0) from /usr/local/opt/rbenv/versions/2.1.0/lib/ruby/gems/2.1.0/specifications/coffee-script-2.2.0.gemspec
I, [2014-02-17T14:20:04.029465 #16542]  INFO -- : 0:  hike (1.2.3) from /usr/local/opt/rbenv/versions/2.1.0/lib/ruby/gems/2.1.0/specifications/hike-1.2.3.gemspec
I, [2014-02-17T14:20:04.029734 #16542]  INFO -- : 0:  multi_json (1.8.4) from /usr/local/opt/rbenv/versions/2.1.0/lib/ruby/gems/2.1.0/specifications/multi_json-1.8.4.gemspec
I, [2014-02-17T14:20:04.030015 #16542]  INFO -- : 0:  rack (1.5.2) from /usr/local/opt/rbenv/versions/2.1.0/lib/ruby/gems/2.1.0/specifications/rack-1.5.2.gemspec
I, [2014-02-17T14:20:04.030281 #16542]  INFO -- : 0:  rack-protection (1.5.1) from /usr/local/opt/rbenv/versions/2.1.0/lib/ruby/gems/2.1.0/specifications/rack-protection-1.5.1.gemspec
I, [2014-02-17T14:20:04.030549 #16542]  INFO -- : 0:  sass (3.2.14) from /usr/local/opt/rbenv/versions/2.1.0/lib/ruby/gems/2.1.0/specifications/sass-3.2.14.gemspec
I, [2014-02-17T14:20:04.030790 #16542]  INFO -- : 0:  tilt (1.4.1) from /usr/local/opt/rbenv/versions/2.1.0/lib/ruby/gems/2.1.0/specifications/tilt-1.4.1.gemspec
I, [2014-02-17T14:20:04.031051 #16542]  INFO -- : 0:  sinatra (1.4.4) from /usr/local/opt/rbenv/versions/2.1.0/lib/ruby/gems/2.1.0/specifications/sinatra-1.4.4.gemspec
I, [2014-02-17T14:20:04.031310 #16542]  INFO -- : 0:  temple (0.6.7) from /usr/local/opt/rbenv/versions/2.1.0/lib/ruby/gems/2.1.0/specifications/temple-0.6.7.gemspec
I, [2014-02-17T14:20:04.031571 #16542]  INFO -- : 0:  slim (2.0.2) from /usr/local/opt/rbenv/versions/2.1.0/lib/ruby/gems/2.1.0/specifications/slim-2.0.2.gemspec
I, [2014-02-17T14:20:04.031839 #16542]  INFO -- : 0:  sprockets (2.10.1) from /usr/local/opt/rbenv/versions/2.1.0/lib/ruby/gems/2.1.0/specifications/sprockets-2.10.1.gemspec
I, [2014-02-17T14:20:04.032080 #16542]  INFO -- : 0:  sprockets-helpers (1.1.0) from /usr/local/opt/rbenv/versions/2.1.0/lib/ruby/gems/2.1.0/specifications/sprockets-helpers-1.1.0.gemspec
I, [2014-02-17T14:20:04.032298 #16542]  INFO -- : 0:  bundler (1.5.1) from /usr/local/opt/rbenv/versions/2.1.0/lib/ruby/gems/2.1.0/specifications/bundler-1.5.1.gemspec
I, [2014-02-17T14:34:58.455525 #17022]  INFO -- : 0:  coffee-script-source (1.7.0) from /usr/local/opt/rbenv/versions/2.1.0/lib/ruby/gems/2.1.0/specifications/coffee-script-source-1.7.0.gemspec
I, [2014-02-17T14:34:58.455927 #17022]  INFO -- : 0:  execjs (2.0.2) from /usr/local/opt/rbenv/versions/2.1.0/lib/ruby/gems/2.1.0/specifications/execjs-2.0.2.gemspec
I, [2014-02-17T14:34:58.456177 #17022]  INFO -- : 0:  coffee-script (2.2.0) from /usr/local/opt/rbenv/versions/2.1.0/lib/ruby/gems/2.1.0/specifications/coffee-script-2.2.0.gemspec
I, [2014-02-17T14:34:58.456439 #17022]  INFO -- : 0:  hike (1.2.3) from /usr/local/opt/rbenv/versions/2.1.0/lib/ruby/gems/2.1.0/specifications/hike-1.2.3.gemspec
I, [2014-02-17T14:34:58.456685 #17022]  INFO -- : 0:  multi_json (1.8.4) from /usr/local/opt/rbenv/versions/2.1.0/lib/ruby/gems/2.1.0/specifications/multi_json-1.8.4.gemspec
I, [2014-02-17T14:34:58.456937 #17022]  INFO -- : 0:  rack (1.5.2) from /usr/local/opt/rbenv/versions/2.1.0/lib/ruby/gems/2.1.0/specifications/rack-1.5.2.gemspec
I, [2014-02-17T14:34:58.457214 #17022]  INFO -- : 0:  rack-protection (1.5.1) from /usr/local/opt/rbenv/versions/2.1.0/lib/ruby/gems/2.1.0/specifications/rack-protection-1.5.1.gemspec
I, [2014-02-17T14:34:58.457466 #17022]  INFO -- : 0:  sass (3.2.14) from /usr/local/opt/rbenv/versions/2.1.0/lib/ruby/gems/2.1.0/specifications/sass-3.2.14.gemspec
I, [2014-02-17T14:34:58.457705 #17022]  INFO -- : 0:  shotgun (0.9) from /usr/local/opt/rbenv/versions/2.1.0/lib/ruby/gems/2.1.0/specifications/shotgun-0.9.gemspec
I, [2014-02-17T14:34:58.457954 #17022]  INFO -- : 0:  tilt (1.4.1) from /usr/local/opt/rbenv/versions/2.1.0/lib/ruby/gems/2.1.0/specifications/tilt-1.4.1.gemspec
I, [2014-02-17T14:34:58.458213 #17022]  INFO -- : 0:  sinatra (1.4.4) from /usr/local/opt/rbenv/versions/2.1.0/lib/ruby/gems/2.1.0/specifications/sinatra-1.4.4.gemspec
I, [2014-02-17T14:34:58.458451 #17022]  INFO -- : 0:  temple (0.6.7) from /usr/local/opt/rbenv/versions/2.1.0/lib/ruby/gems/2.1.0/specifications/temple-0.6.7.gemspec
I, [2014-02-17T14:34:58.458705 #17022]  INFO -- : 0:  slim (2.0.2) from /usr/local/opt/rbenv/versions/2.1.0/lib/ruby/gems/2.1.0/specifications/slim-2.0.2.gemspec
I, [2014-02-17T14:34:58.458965 #17022]  INFO -- : 0:  sprockets (2.10.1) from /usr/local/opt/rbenv/versions/2.1.0/lib/ruby/gems/2.1.0/specifications/sprockets-2.10.1.gemspec
I, [2014-02-17T14:34:58.459204 #17022]  INFO -- : 0:  sprockets-helpers (1.1.0) from /usr/local/opt/rbenv/versions/2.1.0/lib/ruby/gems/2.1.0/specifications/sprockets-helpers-1.1.0.gemspec
I, [2014-02-17T14:34:58.459431 #17022]  INFO -- : 0:  bundler (1.5.1) from /usr/local/opt/rbenv/versions/2.1.0/lib/ruby/gems/2.1.0/specifications/bundler-1.5.1.gemspec
